<?xml version="1.0" encoding="UTF-8"?>
<testsuite xmlns:xsi="http://www.w3.org/2001/XMLSchema-instance" xsi:noNamespaceSchemaLocation="https://maven.apache.org/surefire/maven-failsafe-plugin/xsd/failsafe-test-report-3.0.xsd" version="3.0" name="Verify different fixtures using Rest-Assured" time="6.116" tests="3" errors="2" skipped="0" failures="0">
  <properties>
[...]
</properties>
  <testcase name="1- Validate that 3 fixtures are returned within response" classname="Verify different fixtures using Rest-Assured" time="3.592">
    <error message="class java.lang.Integer cannot be cast to class java.lang.String (java.lang.Integer and java.lang.String are in module java.base of loader &apos;bootstrap&apos;)" type="java.lang.ClassCastException"><![CDATA[java.lang.ClassCastException: class java.lang.Integer cannot be cast to class java.lang.String (java.lang.Integer and java.lang.String are in module java.base of loader 'bootstrap')
]]></error>
    <system-out><![CDATA[
Scenario: 1- Validate that 3 fixtures are returned within response                &amp#27;[90m# features/01.Operation.feature:3&amp#27;[0m
[
    {
        "fixtureId": "1",
        "fixtureStatus": {
            "displayed": false,
            "suspended": true
        },
        "footballFullState": {
            "homeTeam": "Dagenham & Redbridge",
            "awayTeam": "Österreich",
            "finished": false,
            "gameTimeInSeconds": 2656,
            "goals": [
                {
                    "clockTime": 640,
                    "confirmed": true,
                    "id": 678606,
                    "ownGoal": false,
                    "penalty": false,
                    "period": "FIRST_HALF",
                    "playerId": 560617,
                    "teamId": "1"
                },
                {
                    "clockTime": 864,
                    "confirmed": true,
                    "id": 164002,
                    "ownGoal": false,
                    "penalty": false,
                    "period": "FIRST_HALF",
                    "playerId": 60817,
                    "teamId": "2"
                },
                {
                    "clockTime": 1312,
                    "confirmed": true,
                    "id": 267245,
                    "ownGoal": false,
                    "penalty": false,
                    "period": "FIRST_HALF",
                    "playerId": 136629,
                    "teamId": "1"
                },
                {
                    "clockTime": 1760,
                    "confirmed": true,
                    "id": 758030,
                    "ownGoal": false,
                    "penalty": false,
                    "period": "FIRST_HALF",
                    "playerId": 131840,
                    "teamId": "2"
                }
            ],
            "period": "SECOND_HALF",
            "possibles": [
                
            ],
            "corners": [
                
            ],
            "redCards": [
                
            ],
            "yellowCards": [
                
            ],
            "startDateTime": "2018-03-20T10:49:38.655Z",
            "started": true,
            "teams": [
                {
                    "association": "HOME",
                    "name": "Dagenham-&-Redbridge",
                    "teamId": "HOME"
                },
                {
                    "association": "AWAY",
                    "name": "Österreich",
                    "teamId": "AWAY"
                }
            ]
        }
    },
    {
        "fixtureId": "2",
        "fixtureStatus": {
            "displayed": true,
            "suspended": false
        },
        "footballFullState": {
            "homeTeam": "Manchester United",
            "awayTeam": "Leeds United",
            "finished": false,
            "gameTimeInSeconds": 900,
            "goals": [
                {
                    "clockTime": 640,
                    "confirmed": true,
                    "id": 678606,
                    "ownGoal": false,
                    "penalty": false,
                    "period": "FIRST_HALF",
                    "playerId": 560617,
                    "teamId": "1"
                },
                {
                    "clockTime": 864,
                    "confirmed": true,
                    "id": 164002,
                    "ownGoal": false,
                    "penalty": false,
                    "period": "FIRST_HALF",
                    "playerId": 60817,
                    "teamId": "2"
                }
            ],
            "period": "FIRST_HALF",
            "possibles": [
                
            ],
            "corners": [
                
            ],
            "redCards": [
                
            ],
            "yellowCards": [
                
            ],
            "startDateTime": "2018-03-20T10:49:38.655Z",
            "started": true,
            "teams": [
                {
                    "association": "HOME",
                    "name": "Manchester-United",
                    "teamId": "HOME"
                },
                {
                    "association": "AWAY",
                    "name": "Leeds-United",
                    "teamId": "AWAY"
                }
            ]
        }
    },
    {
        "fixtureId": "3",
        "fixtureStatus": {
            "displayed": false,
            "suspended": true
        },
        "footballFullState": {
            "homeTeam": "Garforth FC",
            "awayTeam": "York FC",
            "finished": false,
            "gameTimeInSeconds": 950,
            "goals": [
                {
                    "clockTime": 640,
                    "confirmed": true,
                    "id": 678606,
                    "ownGoal": false,
                    "penalty": false,
                    "period": "FIRST_HALF",
                    "playerId": 560617,
                    "teamId": "1"
                }
            ],
            "period": "FIRST_HALF",
            "possibles": [
                
            ],
            "corners": [
                
            ],
            "redCards": [
                
            ],
            "yellowCards": [
                
            ],
            "startDateTime": "2018-03-20T10:49:38.655Z",
            "started": true,
            "teams": [
                {
                    "association": "HOME",
                    "name": "Garforth-FC",
                    "teamId": "HOME"
                },
                {
                    "association": "AWAY",
                    "name": "York-FC",
                    "teamId": "AWAY"
                }
            ]
        }
    },
    {
        "fixtureId": 4,
        "fixtureStatus": {
            "displayed": false,
            "suspended": true
        },
        "footballFullState": {
            "homeTeam": "TopMan-123",
            "awayTeam": "EldoneSquare-234",
            "finished": false,
            "gameTimeInSeconds": 1256,
            "goals": [
                {
                    "clockTime": 640,
                    "confirmed": true,
                    "id": 999,
                    "ownGoal": false,
                    "penalty": false,
                    "period": "FIRST_HALF",
                    "playerId": 50000,
                    "teamId": "1"
                }
            ],
            "period": "SECOND_HALF",
            "possibles": [
                
            ],
            "corners": [
                
            ],
            "redCards": [
                
            ],
            "yellowCards": [
                
            ],
            "startDateTime": "2018-03-20T10:49:38.655Z",
            "started": true,
            "teams": [
                {
                    "association": "HOME",
                    "name": "TopMan-123",
                    "teamId": "HOME"
                },
                {
                    "association": "AWAY",
                    "name": "EldoneSquare-456",
                    "teamId": "AWAY"
                }
            ]
        }
    },
    {
        "fixtureId": 4,
        "fixtureStatus": {
            "displayed": false,
            "suspended": true
        },
        "footballFullState": {
            "homeTeam": "TopMan-123",
            "awayTeam": "EldoneSquare-234",
            "finished": false,
            "gameTimeInSeconds": 1256,
            "goals": [
                {
                    "clockTime": 640,
                    "confirmed": true,
                    "id": 999,
                    "ownGoal": false,
                    "penalty": false,
                    "period": "FIRST_HALF",
                    "playerId": 50000,
                    "teamId": "1"
                }
            ],
            "period": "SECOND_HALF",
            "possibles": [
                
            ],
            "corners": [
                
            ],
            "redCards": [
                
            ],
            "yellowCards": [
                
            ],
            "startDateTime": "2018-03-20T10:49:38.655Z",
            "started": true,
            "teams": [
                {
                    "association": "HOME",
                    "name": "TopMan-123",
                    "teamId": "HOME"
                },
                {
                    "association": "AWAY",
                    "name": "EldoneSquare-456",
                    "teamId": "AWAY"
                }
            ]
        }
    }
]

    Response Body is: [
        {
            "fixtureId": "1",
            "fixtureStatus": {
                "displayed": false,
                "suspended": true
            },
            "footballFullState": {
                "homeTeam": "Dagenham & Redbridge",
                "awayTeam": "Ã–sterreich",
                "finished": false,
                "gameTimeInSeconds": 2656,
                "goals": [
                    {
                        "clockTime": 640,
                        "confirmed": true,
                        "id": 678606,
                        "ownGoal": false,
                        "penalty": false,
                        "period": "FIRST_HALF",
                        "playerId": 560617,
                        "teamId": "1"
                    },
                    {
                        "clockTime": 864,
                        "confirmed": true,
                        "id": 164002,
                        "ownGoal": false,
                        "penalty": false,
                        "period": "FIRST_HALF",
                        "playerId": 60817,
                        "teamId": "2"
                    },
                    {
                        "clockTime": 1312,
                        "confirmed": true,
                        "id": 267245,
                        "ownGoal": false,
                        "penalty": false,
                        "period": "FIRST_HALF",
                        "playerId": 136629,
                        "teamId": "1"
                    },
                    {
                        "clockTime": 1760,
                        "confirmed": true,
                        "id": 758030,
                        "ownGoal": false,
                        "penalty": false,
                        "period": "FIRST_HALF",
                        "playerId": 131840,
                        "teamId": "2"
                    }
                ],
                "period": "SECOND_HALF",
                "possibles": [
                    
                ],
                "corners": [
                    
                ],
                "redCards": [
                    
                ],
                "yellowCards": [
                    
                ],
                "startDateTime": "2018-03-20T10:49:38.655Z",
                "started": true,
                "teams": [
                    {
                        "association": "HOME",
                        "name": "Dagenham-&-Redbridge",
                        "teamId": "HOME"
                    },
                    {
                        "association": "AWAY",
                        "name": "Ã–sterreich",
                        "teamId": "AWAY"
                    }
                ]
            }
        },
        {
            "fixtureId": "2",
            "fixtureStatus": {
                "displayed": true,
                "suspended": false
            },
            "footballFullState": {
                "homeTeam": "Manchester United",
                "awayTeam": "Leeds United",
                "finished": false,
                "gameTimeInSeconds": 900,
                "goals": [
                    {
                        "clockTime": 640,
                        "confirmed": true,
                        "id": 678606,
                        "ownGoal": false,
                        "penalty": false,
                        "period": "FIRST_HALF",
                        "playerId": 560617,
                        "teamId": "1"
                    },
                    {
                        "clockTime": 864,
                        "confirmed": true,
                        "id": 164002,
                        "ownGoal": false,
                        "penalty": false,
                        "period": "FIRST_HALF",
                        "playerId": 60817,
                        "teamId": "2"
                    }
                ],
                "period": "FIRST_HALF",
                "possibles": [
                    
                ],
                "corners": [
                    
                ],
                "redCards": [
                    
                ],
                "yellowCards": [
                    
                ],
                "startDateTime": "2018-03-20T10:49:38.655Z",
                "started": true,
                "teams": [
                    {
                        "association": "HOME",
                        "name": "Manchester-United",
                        "teamId": "HOME"
                    },
                    {
                        "association": "AWAY",
                        "name": "Leeds-United",
                        "teamId": "AWAY"
                    }
                ]
            }
        },
        {
            "fixtureId": "3",
            "fixtureStatus": {
                "displayed": false,
                "suspended": true
            },
            "footballFullState": {
                "homeTeam": "Garforth FC",
                "awayTeam": "York FC",
                "finished": false,
                "gameTimeInSeconds": 950,
                "goals": [
                    {
                        "clockTime": 640,
                        "confirmed": true,
                        "id": 678606,
                        "ownGoal": false,
                        "penalty": false,
                        "period": "FIRST_HALF",
                        "playerId": 560617,
                        "teamId": "1"
                    }
                ],
                "period": "FIRST_HALF",
                "possibles": [
                    
                ],
                "corners": [
                    
                ],
                "redCards": [
                    
                ],
                "yellowCards": [
                    
                ],
                "startDateTime": "2018-03-20T10:49:38.655Z",
                "started": true,
                "teams": [
                    {
                        "association": "HOME",
                        "name": "Garforth-FC",
                        "teamId": "HOME"
                    },
                    {
                        "association": "AWAY",
                        "name": "York-FC",
                        "teamId": "AWAY"
                    }
                ]
            }
        },
        {
            "fixtureId": 4,
            "fixtureStatus": {
                "displayed": false,
                "suspended": true
            },
            "footballFullState": {
                "homeTeam": "TopMan-123",
                "awayTeam": "EldoneSquare-234",
                "finished": false,
                "gameTimeInSeconds": 1256,
                "goals": [
                    {
                        "clockTime": 640,
                        "confirmed": true,
                        "id": 999,
                        "ownGoal": false,
                        "penalty": false,
                        "period": "FIRST_HALF",
                        "playerId": 50000,
                        "teamId": "1"
                    }
                ],
                "period": "SECOND_HALF",
                "possibles": [
                    
                ],
                "corners": [
                    
                ],
                "redCards": [
                    
                ],
                "yellowCards": [
                    
                ],
                "startDateTime": "2018-03-20T10:49:38.655Z",
                "started": true,
                "teams": [
                    {
                        "association": "HOME",
                        "name": "TopMan-123",
                        "teamId": "HOME"
                    },
                    {
                        "association": "AWAY",
                        "name": "EldoneSquare-456",
                        "teamId": "AWAY"
                    }
                ]
            }
        },
        {
            "fixtureId": 4,
            "fixtureStatus": {
                "displayed": false,
                "suspended": true
            },
            "footballFullState": {
                "homeTeam": "TopMan-123",
                "awayTeam": "EldoneSquare-234",
                "finished": false,
                "gameTimeInSeconds": 1256,
                "goals": [
                    {
                        "clockTime": 640,
                        "confirmed": true,
                        "id": 999,
                        "ownGoal": false,
                        "penalty": false,
                        "period": "FIRST_HALF",
                        "playerId": 50000,
                        "teamId": "1"
                    }
                ],
                "period": "SECOND_HALF",
                "possibles": [
                    
                ],
                "corners": [
                    
                ],
                "redCards": [
                    
                ],
                "yellowCards": [
                    
                ],
                "startDateTime": "2018-03-20T10:49:38.655Z",
                "started": true,
                "teams": [
                    {
                        "association": "HOME",
                        "name": "TopMan-123",
                        "teamId": "HOME"
                    },
                    {
                        "association": "AWAY",
                        "name": "EldoneSquare-456",
                        "teamId": "AWAY"
                    }
                ]
            }
        }
    ]

  &amp#27;[32mGiven &amp#27;[0m&amp#27;[32mI perform GET operation &amp#27;[0m&amp#27;[32m&amp#27;[1m"fixtures"&amp#27;[0m                                        &amp#27;[90m# steps.OperationSteps.iPerformGETOperation(java.lang.String)&amp#27;[0m

    Response Body list Key :fixtureId


    Response Body list Value :1


    Response Body list Key :fixtureId


    Response Body list Value :2


    Response Body list Key :fixtureId


    Response Body list Value :3

  &amp#27;[31mAnd &amp#27;[0m&amp#27;[31mI should see the &amp#27;[0m&amp#27;[31m&amp#27;[1m"fixtureId"&amp#27;[0m&amp#27;[31m and fixtureId_count &amp#27;[0m&amp#27;[31m&amp#27;[1m"5"&amp#27;[0m&amp#27;[31m with the return object&amp#27;[0m &amp#27;[90m# steps.OperationSteps.iShouldSeeTheAndFixtureId_countWithTheReturnObject(java.lang.String,java.lang.String)&amp#27;[0m
      &amp#27;[31mjava.lang.ClassCastException: class java.lang.Integer cannot be cast to class java.lang.String (java.lang.Integer and java.lang.String are in module java.base of loader 'bootstrap')
	at steps.OperationSteps.iShouldSeeTheAndFixtureId_countWithTheReturnObject(OperationSteps.java:59)
	at âœ½.I should see the "fixtureId" and fixtureId_count "5" with the return object(classpath:features/01.Operation.feature:5)
&amp#27;[0m
  &amp#27;[36mAnd &amp#27;[0m&amp#27;[36mI validate fixture Id is not null&amp#27;[0m                                           &amp#27;[90m# steps.OperationSteps.iValidateFixtureIdIsNotNull()&amp#27;[0m
]]></system-out>
  </testcase>
  <testcase name="2- Validate that new fixture is created with POST response" classname="Verify different fixtures using Rest-Assured" time="2.412">
    <system-out><![CDATA[
Scenario: 2- Validate that new fixture is created with POST response                         &amp#27;[90m# features/01.Operation.feature:8&amp#27;[0m
<html>
  <body>Fixture has been added</body>
</html>
  &amp#27;[32mGiven &amp#27;[0m&amp#27;[32mI perform POST operation with test data file &amp#27;[0m&amp#27;[32m&amp#27;[1m"src/test/resources/TestData/data.json"&amp#27;[0m &amp#27;[90m# steps.OperationSteps.iPerformPOSTOperationWithTestDataFile(java.lang.String)&amp#27;[0m
[
    {
        "fixtureId": "1",
        "fixtureStatus": {
            "displayed": false,
            "suspended": true
        },
        "footballFullState": {
            "homeTeam": "Dagenham & Redbridge",
            "awayTeam": "Österreich",
            "finished": false,
            "gameTimeInSeconds": 2656,
            "goals": [
                {
                    "clockTime": 640,
                    "confirmed": true,
                    "id": 678606,
                    "ownGoal": false,
                    "penalty": false,
                    "period": "FIRST_HALF",
                    "playerId": 560617,
                    "teamId": "1"
                },
                {
                    "clockTime": 864,
                    "confirmed": true,
                    "id": 164002,
                    "ownGoal": false,
                    "penalty": false,
                    "period": "FIRST_HALF",
                    "playerId": 60817,
                    "teamId": "2"
                },
                {
                    "clockTime": 1312,
                    "confirmed": true,
                    "id": 267245,
                    "ownGoal": false,
                    "penalty": false,
                    "period": "FIRST_HALF",
                    "playerId": 136629,
                    "teamId": "1"
                },
                {
                    "clockTime": 1760,
                    "confirmed": true,
                    "id": 758030,
                    "ownGoal": false,
                    "penalty": false,
                    "period": "FIRST_HALF",
                    "playerId": 131840,
                    "teamId": "2"
                }
            ],
            "period": "SECOND_HALF",
            "possibles": [
                
            ],
            "corners": [
                
            ],
            "redCards": [
                
            ],
            "yellowCards": [
                
            ],
            "startDateTime": "2018-03-20T10:49:38.655Z",
            "started": true,
            "teams": [
                {
                    "association": "HOME",
                    "name": "Dagenham-&-Redbridge",
                    "teamId": "HOME"
                },
                {
                    "association": "AWAY",
                    "name": "Österreich",
                    "teamId": "AWAY"
                }
            ]
        }
    },
    {
        "fixtureId": "2",
        "fixtureStatus": {
            "displayed": true,
            "suspended": false
        },
        "footballFullState": {
            "homeTeam": "Manchester United",
            "awayTeam": "Leeds United",
            "finished": false,
            "gameTimeInSeconds": 900,
            "goals": [
                {
                    "clockTime": 640,
                    "confirmed": true,
                    "id": 678606,
                    "ownGoal": false,
                    "penalty": false,
                    "period": "FIRST_HALF",
                    "playerId": 560617,
                    "teamId": "1"
                },
                {
                    "clockTime": 864,
                    "confirmed": true,
                    "id": 164002,
                    "ownGoal": false,
                    "penalty": false,
                    "period": "FIRST_HALF",
                    "playerId": 60817,
                    "teamId": "2"
                }
            ],
            "period": "FIRST_HALF",
            "possibles": [
                
            ],
            "corners": [
                
            ],
            "redCards": [
                
            ],
            "yellowCards": [
                
            ],
            "startDateTime": "2018-03-20T10:49:38.655Z",
            "started": true,
            "teams": [
                {
                    "association": "HOME",
                    "name": "Manchester-United",
                    "teamId": "HOME"
                },
                {
                    "association": "AWAY",
                    "name": "Leeds-United",
                    "teamId": "AWAY"
                }
            ]
        }
    },
    {
        "fixtureId": "3",
        "fixtureStatus": {
            "displayed": false,
            "suspended": true
        },
        "footballFullState": {
            "homeTeam": "Garforth FC",
            "awayTeam": "York FC",
            "finished": false,
            "gameTimeInSeconds": 950,
            "goals": [
                {
                    "clockTime": 640,
                    "confirmed": true,
                    "id": 678606,
                    "ownGoal": false,
                    "penalty": false,
                    "period": "FIRST_HALF",
                    "playerId": 560617,
                    "teamId": "1"
                }
            ],
            "period": "FIRST_HALF",
            "possibles": [
                
            ],
            "corners": [
                
            ],
            "redCards": [
                
            ],
            "yellowCards": [
                
            ],
            "startDateTime": "2018-03-20T10:49:38.655Z",
            "started": true,
            "teams": [
                {
                    "association": "HOME",
                    "name": "Garforth-FC",
                    "teamId": "HOME"
                },
                {
                    "association": "AWAY",
                    "name": "York-FC",
                    "teamId": "AWAY"
                }
            ]
        }
    },
    {
        "fixtureId": 4,
        "fixtureStatus": {
            "displayed": false,
            "suspended": true
        },
        "footballFullState": {
            "homeTeam": "TopMan-123",
            "awayTeam": "EldoneSquare-234",
            "finished": false,
            "gameTimeInSeconds": 1256,
            "goals": [
                {
                    "clockTime": 640,
                    "confirmed": true,
                    "id": 999,
                    "ownGoal": false,
                    "penalty": false,
                    "period": "FIRST_HALF",
                    "playerId": 50000,
                    "teamId": "1"
                }
            ],
            "period": "SECOND_HALF",
            "possibles": [
                
            ],
            "corners": [
                
            ],
            "redCards": [
                
            ],
            "yellowCards": [
                
            ],
            "startDateTime": "2018-03-20T10:49:38.655Z",
            "started": true,
            "teams": [
                {
                    "association": "HOME",
                    "name": "TopMan-123",
                    "teamId": "HOME"
                },
                {
                    "association": "AWAY",
                    "name": "EldoneSquare-456",
                    "teamId": "AWAY"
                }
            ]
        }
    },
    {
        "fixtureId": 4,
        "fixtureStatus": {
            "displayed": false,
            "suspended": true
        },
        "footballFullState": {
            "homeTeam": "TopMan-123",
            "awayTeam": "EldoneSquare-234",
            "finished": false,
            "gameTimeInSeconds": 1256,
            "goals": [
                {
                    "clockTime": 640,
                    "confirmed": true,
                    "id": 999,
                    "ownGoal": false,
                    "penalty": false,
                    "period": "FIRST_HALF",
                    "playerId": 50000,
                    "teamId": "1"
                }
            ],
            "period": "SECOND_HALF",
            "possibles": [
                
            ],
            "corners": [
                
            ],
            "redCards": [
                
            ],
            "yellowCards": [
                
            ],
            "startDateTime": "2018-03-20T10:49:38.655Z",
            "started": true,
            "teams": [
                {
                    "association": "HOME",
                    "name": "TopMan-123",
                    "teamId": "HOME"
                },
                {
                    "association": "AWAY",
                    "name": "EldoneSquare-456",
                    "teamId": "AWAY"
                }
            ]
        }
    },
    {
        "fixtureId": 4,
        "fixtureStatus": {
            "displayed": false,
            "suspended": true
        },
        "footballFullState": {
            "homeTeam": "TopMan-123",
            "awayTeam": "EldoneSquare-234",
            "finished": false,
            "gameTimeInSeconds": 1256,
            "goals": [
                {
                    "clockTime": 640,
                    "confirmed": true,
                    "id": 999,
                    "ownGoal": false,
                    "penalty": false,
                    "period": "FIRST_HALF",
                    "playerId": 50000,
                    "teamId": "1"
                }
            ],
            "period": "SECOND_HALF",
            "possibles": [
                
            ],
            "corners": [
                
            ],
            "redCards": [
                
            ],
            "yellowCards": [
                
            ],
            "startDateTime": "2018-03-20T10:49:38.655Z",
            "started": true,
            "teams": [
                {
                    "association": "HOME",
                    "name": "TopMan-123",
                    "teamId": "HOME"
                },
                {
                    "association": "AWAY",
                    "name": "EldoneSquare-456",
                    "teamId": "AWAY"
                }
            ]
        }
    }
]

    Response Body is: [
        {
            "fixtureId": "1",
            "fixtureStatus": {
                "displayed": false,
                "suspended": true
            },
            "footballFullState": {
                "homeTeam": "Dagenham & Redbridge",
                "awayTeam": "Ã–sterreich",
                "finished": false,
                "gameTimeInSeconds": 2656,
                "goals": [
                    {
                        "clockTime": 640,
                        "confirmed": true,
                        "id": 678606,
                        "ownGoal": false,
                        "penalty": false,
                        "period": "FIRST_HALF",
                        "playerId": 560617,
                        "teamId": "1"
                    },
                    {
                        "clockTime": 864,
                        "confirmed": true,
                        "id": 164002,
                        "ownGoal": false,
                        "penalty": false,
                        "period": "FIRST_HALF",
                        "playerId": 60817,
                        "teamId": "2"
                    },
                    {
                        "clockTime": 1312,
                        "confirmed": true,
                        "id": 267245,
                        "ownGoal": false,
                        "penalty": false,
                        "period": "FIRST_HALF",
                        "playerId": 136629,
                        "teamId": "1"
                    },
                    {
                        "clockTime": 1760,
                        "confirmed": true,
                        "id": 758030,
                        "ownGoal": false,
                        "penalty": false,
                        "period": "FIRST_HALF",
                        "playerId": 131840,
                        "teamId": "2"
                    }
                ],
                "period": "SECOND_HALF",
                "possibles": [
                    
                ],
                "corners": [
                    
                ],
                "redCards": [
                    
                ],
                "yellowCards": [
                    
                ],
                "startDateTime": "2018-03-20T10:49:38.655Z",
                "started": true,
                "teams": [
                    {
                        "association": "HOME",
                        "name": "Dagenham-&-Redbridge",
                        "teamId": "HOME"
                    },
                    {
                        "association": "AWAY",
                        "name": "Ã–sterreich",
                        "teamId": "AWAY"
                    }
                ]
            }
        },
        {
            "fixtureId": "2",
            "fixtureStatus": {
                "displayed": true,
                "suspended": false
            },
            "footballFullState": {
                "homeTeam": "Manchester United",
                "awayTeam": "Leeds United",
                "finished": false,
                "gameTimeInSeconds": 900,
                "goals": [
                    {
                        "clockTime": 640,
                        "confirmed": true,
                        "id": 678606,
                        "ownGoal": false,
                        "penalty": false,
                        "period": "FIRST_HALF",
                        "playerId": 560617,
                        "teamId": "1"
                    },
                    {
                        "clockTime": 864,
                        "confirmed": true,
                        "id": 164002,
                        "ownGoal": false,
                        "penalty": false,
                        "period": "FIRST_HALF",
                        "playerId": 60817,
                        "teamId": "2"
                    }
                ],
                "period": "FIRST_HALF",
                "possibles": [
                    
                ],
                "corners": [
                    
                ],
                "redCards": [
                    
                ],
                "yellowCards": [
                    
                ],
                "startDateTime": "2018-03-20T10:49:38.655Z",
                "started": true,
                "teams": [
                    {
                        "association": "HOME",
                        "name": "Manchester-United",
                        "teamId": "HOME"
                    },
                    {
                        "association": "AWAY",
                        "name": "Leeds-United",
                        "teamId": "AWAY"
                    }
                ]
            }
        },
        {
            "fixtureId": "3",
            "fixtureStatus": {
                "displayed": false,
                "suspended": true
            },
            "footballFullState": {
                "homeTeam": "Garforth FC",
                "awayTeam": "York FC",
                "finished": false,
                "gameTimeInSeconds": 950,
                "goals": [
                    {
                        "clockTime": 640,
                        "confirmed": true,
                        "id": 678606,
                        "ownGoal": false,
                        "penalty": false,
                        "period": "FIRST_HALF",
                        "playerId": 560617,
                        "teamId": "1"
                    }
                ],
                "period": "FIRST_HALF",
                "possibles": [
                    
                ],
                "corners": [
                    
                ],
                "redCards": [
                    
                ],
                "yellowCards": [
                    
                ],
                "startDateTime": "2018-03-20T10:49:38.655Z",
                "started": true,
                "teams": [
                    {
                        "association": "HOME",
                        "name": "Garforth-FC",
                        "teamId": "HOME"
                    },
                    {
                        "association": "AWAY",
                        "name": "York-FC",
                        "teamId": "AWAY"
                    }
                ]
            }
        },
        {
            "fixtureId": 4,
            "fixtureStatus": {
                "displayed": false,
                "suspended": true
            },
            "footballFullState": {
                "homeTeam": "TopMan-123",
                "awayTeam": "EldoneSquare-234",
                "finished": false,
                "gameTimeInSeconds": 1256,
                "goals": [
                    {
                        "clockTime": 640,
                        "confirmed": true,
                        "id": 999,
                        "ownGoal": false,
                        "penalty": false,
                        "period": "FIRST_HALF",
                        "playerId": 50000,
                        "teamId": "1"
                    }
                ],
                "period": "SECOND_HALF",
                "possibles": [
                    
                ],
                "corners": [
                    
                ],
                "redCards": [
                    
                ],
                "yellowCards": [
                    
                ],
                "startDateTime": "2018-03-20T10:49:38.655Z",
                "started": true,
                "teams": [
                    {
                        "association": "HOME",
                        "name": "TopMan-123",
                        "teamId": "HOME"
                    },
                    {
                        "association": "AWAY",
                        "name": "EldoneSquare-456",
                        "teamId": "AWAY"
                    }
                ]
            }
        },
        {
            "fixtureId": 4,
            "fixtureStatus": {
                "displayed": false,
                "suspended": true
            },
            "footballFullState": {
                "homeTeam": "TopMan-123",
                "awayTeam": "EldoneSquare-234",
                "finished": false,
                "gameTimeInSeconds": 1256,
                "goals": [
                    {
                        "clockTime": 640,
                        "confirmed": true,
                        "id": 999,
                        "ownGoal": false,
                        "penalty": false,
                        "period": "FIRST_HALF",
                        "playerId": 50000,
                        "teamId": "1"
                    }
                ],
                "period": "SECOND_HALF",
                "possibles": [
                    
                ],
                "corners": [
                    
                ],
                "redCards": [
                    
                ],
                "yellowCards": [
                    
                ],
                "startDateTime": "2018-03-20T10:49:38.655Z",
                "started": true,
                "teams": [
                    {
                        "association": "HOME",
                        "name": "TopMan-123",
                        "teamId": "HOME"
                    },
                    {
                        "association": "AWAY",
                        "name": "EldoneSquare-456",
                        "teamId": "AWAY"
                    }
                ]
            }
        },
        {
            "fixtureId": 4,
            "fixtureStatus": {
                "displayed": false,
                "suspended": true
            },
            "footballFullState": {
                "homeTeam": "TopMan-123",
                "awayTeam": "EldoneSquare-234",
                "finished": false,
                "gameTimeInSeconds": 1256,
                "goals": [
                    {
                        "clockTime": 640,
                        "confirmed": true,
                        "id": 999,
                        "ownGoal": false,
                        "penalty": false,
                        "period": "FIRST_HALF",
                        "playerId": 50000,
                        "teamId": "1"
                    }
                ],
                "period": "SECOND_HALF",
                "possibles": [
                    
                ],
                "corners": [
                    
                ],
                "redCards": [
                    
                ],
                "yellowCards": [
                    
                ],
                "startDateTime": "2018-03-20T10:49:38.655Z",
                "started": true,
                "teams": [
                    {
                        "association": "HOME",
                        "name": "TopMan-123",
                        "teamId": "HOME"
                    },
                    {
                        "association": "AWAY",
                        "name": "EldoneSquare-456",
                        "teamId": "AWAY"
                    }
                ]
            }
        }
    ]

  &amp#27;[32mAnd &amp#27;[0m&amp#27;[32mI should see newly fixture ID &amp#27;[0m&amp#27;[32m&amp#27;[1m"4"&amp#27;[0m&amp#27;[32m within the return object&amp#27;[0m                             &amp#27;[90m# steps.OperationSteps.iShouldSeeNewlyFixtureIDWithinTheReturnObject(java.lang.String)&amp#27;[0m
]]></system-out>
  </testcase>
  <testcase name="3- Validate that new fixture is created with GET response" classname="Verify different fixtures using Rest-Assured" time="0.025">
    <error type="java.lang.NullPointerException"><![CDATA[java.lang.NullPointerException
]]></error>
    <system-out><![CDATA[
Scenario: 3- Validate that new fixture is created with GET response &amp#27;[90m# features/01.Operation.feature:12&amp#27;[0m

    null

  &amp#27;[31mGiven &amp#27;[0m&amp#27;[31mI should see teams array object has a teamId of &amp#27;[0m&amp#27;[31m&amp#27;[1m'HOME'&amp#27;[0m      &amp#27;[90m# steps.OperationSteps.iShouldSeeTeamsArrayObjectHasATeamIdOfHOME(java.lang.String)&amp#27;[0m
      &amp#27;[31mjava.lang.NullPointerException
	at steps.OperationSteps.iShouldSeeTeamsArrayObjectHasATeamIdOfHOME(OperationSteps.java:101)
	at âœ½.I should see teams array object has a teamId of 'HOME'(classpath:features/01.Operation.feature:13)
&amp#27;[0m
]]></system-out>
  </testcase>
</testsuite>